0 info it worked if it ends with ok
1 verbose cli [ '/usr/local/Cellar/node/7.5.0/bin/node',
1 verbose cli   '/usr/local/bin/npm',
1 verbose cli   'run',
1 verbose cli   'watch' ]
2 info using npm@4.1.2
3 info using node@v7.5.0
4 verbose run-script [ 'prewatch', 'watch', 'postwatch' ]
5 info lifecycle jane-maps@1.0.0~prewatch: jane-maps@1.0.0
6 silly lifecycle jane-maps@1.0.0~prewatch: no script for prewatch, continuing
7 info lifecycle jane-maps@1.0.0~watch: jane-maps@1.0.0
8 verbose lifecycle jane-maps@1.0.0~watch: unsafe-perm in lifecycle true
9 verbose lifecycle jane-maps@1.0.0~watch: PATH: /usr/local/lib/node_modules/npm/bin/node-gyp-bin:/Users/chriswhong/Sites/jane-maps/node_modules/.bin:/usr/local/bin:/usr/bin:/bin:/usr/sbin:/sbin:/usr/local/share/npm/bin:/opt/X11/bin:/opt/ImageMagick/bin:/Library/Frameworks/GDAL.framework/Programs:/usr/local/lib/ruby/gems/1.9.1/gems/jekyll-2.5.3/bin
10 verbose lifecycle jane-maps@1.0.0~watch: CWD: /Users/chriswhong/Sites/jane-maps
11 silly lifecycle jane-maps@1.0.0~watch: Args: [ '-c',
11 silly lifecycle   'watch \'babel --plugins transform-es2015-modules-umd src --out-dir ./dist\' --ignoreDirectoryPattern=/dist' ]
12 silly lifecycle jane-maps@1.0.0~watch: Returned: code: 1  signal: null
13 info lifecycle jane-maps@1.0.0~watch: Failed to exec watch script
14 verbose stack Error: jane-maps@1.0.0 watch: `watch 'babel --plugins transform-es2015-modules-umd src --out-dir ./dist' --ignoreDirectoryPattern=/dist`
14 verbose stack Exit status 1
14 verbose stack     at EventEmitter.<anonymous> (/usr/local/lib/node_modules/npm/lib/utils/lifecycle.js:279:16)
14 verbose stack     at emitTwo (events.js:106:13)
14 verbose stack     at EventEmitter.emit (events.js:192:7)
14 verbose stack     at ChildProcess.<anonymous> (/usr/local/lib/node_modules/npm/lib/utils/spawn.js:40:14)
14 verbose stack     at emitTwo (events.js:106:13)
14 verbose stack     at ChildProcess.emit (events.js:192:7)
14 verbose stack     at maybeClose (internal/child_process.js:890:16)
14 verbose stack     at Process.ChildProcess._handle.onexit (internal/child_process.js:226:5)
15 verbose pkgid jane-maps@1.0.0
16 verbose cwd /Users/chriswhong/Sites/jane-maps
17 error Darwin 15.6.0
18 error argv "/usr/local/Cellar/node/7.5.0/bin/node" "/usr/local/bin/npm" "run" "watch"
19 error node v7.5.0
20 error npm  v4.1.2
21 error code ELIFECYCLE
22 error jane-maps@1.0.0 watch: `watch 'babel --plugins transform-es2015-modules-umd src --out-dir ./dist' --ignoreDirectoryPattern=/dist`
22 error Exit status 1
23 error Failed at the jane-maps@1.0.0 watch script 'watch 'babel --plugins transform-es2015-modules-umd src --out-dir ./dist' --ignoreDirectoryPattern=/dist'.
23 error Make sure you have the latest version of node.js and npm installed.
23 error If you do, this is most likely a problem with the jane-maps package,
23 error not with npm itself.
23 error Tell the author that this fails on your system:
23 error     watch 'babel --plugins transform-es2015-modules-umd src --out-dir ./dist' --ignoreDirectoryPattern=/dist
23 error You can get information on how to open an issue for this project with:
23 error     npm bugs jane-maps
23 error Or if that isn't available, you can get their info via:
23 error     npm owner ls jane-maps
23 error There is likely additional logging output above.
24 verbose exit [ 1, true ]
